<?xml version="1.0" encoding="UTF-8"?>
<!-- Generated by org.testng.reporters.JUnitReportReporter -->
<testsuite hostname="DESKTOP-H1PTRJQ" failures="0" tests="2" name="com.training.qa.Tests.AppTests" time="0.039" errors="0" timestamp="2024-08-30T17:16:24 IST" skipped="0">
  <testcase classname="com.training.qa.Tests.AppTests" name="login" time="0.036"/>
  <system-out/>
  <testcase classname="com.training.qa.Tests.AppTests" name="login" time="0.003"/>
  <system-out/>
</testsuite> <!-- com.training.qa.Tests.AppTests -->
