<?xml version="1.0" encoding="UTF-8"?>
<!-- Generated by org.testng.reporters.JUnitReportReporter -->
<testsuite hostname="DESKTOP-H1PTRJQ" failures="0" tests="2" name="com.training.qa.Tests.AppTests" time="0.048" errors="0" timestamp="2024-08-31T00:53:09 IST" skipped="0">
  <testcase classname="com.training.qa.Tests.AppTests" name="login" time="0.042"/>
  <system-out/>
  <testcase classname="com.training.qa.Tests.AppTests" name="login" time="0.006"/>
  <system-out/>
</testsuite> <!-- com.training.qa.Tests.AppTests -->
