<?xml version="1.0" encoding="UTF-8"?>
<!-- Generated by org.testng.reporters.JUnitReportReporter -->
<testsuite hostname="DESKTOP-H1PTRJQ" failures="0" tests="2" name="com.training.qa.Tests.AppTest" time="0.032" errors="0" timestamp="2024-08-30T16:49:46 IST" skipped="0">
  <testcase classname="com.training.qa.Tests.AppTest" name="login" time="0.005"/>
  <system-out/>
  <testcase classname="com.training.qa.Tests.AppTest" name="login" time="0.027"/>
  <system-out/>
</testsuite> <!-- com.training.qa.Tests.AppTest -->
