<?xml version="1.0" encoding="UTF-8"?>
<!-- Generated by org.testng.reporters.JUnitReportReporter -->
<testsuite hostname="DESKTOP-H1PTRJQ" failures="0" tests="2" name="com.training.qa.Tests.AppTests" time="0.071" errors="0" timestamp="2024-09-01T23:44:37 IST" skipped="0">
  <testcase classname="com.training.qa.Tests.AppTests" name="SB1_login" time="0.059"/>
  <system-out/>
  <testcase classname="com.training.qa.Tests.AppTests" name="SB1_login" time="0.012"/>
  <system-out/>
</testsuite> <!-- com.training.qa.Tests.AppTests -->
